CRITICAL - 2022-07-31 15:35:29 --> Undefined variable $locale
in APPPATH\Views\header.php on line 11.
 1 APPPATH\Views\header.php(11): CodeIgniter\Debug\Exceptions->errorHandler(2, 'Undefined variable $locale', 'APPPATH\\Views\\header.php', 11)
 2 SYSTEMPATH\View\View.php(213): include('APPPATH\\Views\\header.php')
 3 SYSTEMPATH\View\View.php(216): CodeIgniter\View\View->CodeIgniter\View\{closure}()
 4 SYSTEMPATH\Common.php(1135): CodeIgniter\View\View->render('header', [], true)
 5 APPPATH\Controllers\Home.php(1126): view('header', [...])
 6 SYSTEMPATH\CodeIgniter.php(896): App\Controllers\Home->srvs_apnt()
 7 SYSTEMPATH\CodeIgniter.php(466): CodeIgniter\CodeIgniter->runController(Object(App\Controllers\Home))
 8 SYSTEMPATH\CodeIgniter.php(349): CodeIgniter\CodeIgniter->handleRequest(null, Object(Config\Cache), false)
 9 FCPATH\index.php(55): CodeIgniter\CodeIgniter->run()
CRITICAL - 2022-07-31 15:38:11 --> Undefined variable $locale
in APPPATH\Views\header.php on line 11.
 1 APPPATH\Views\header.php(11): CodeIgniter\Debug\Exceptions->errorHandler(2, 'Undefined variable $locale', 'APPPATH\\Views\\header.php', 11)
 2 SYSTEMPATH\View\View.php(213): include('APPPATH\\Views\\header.php')
 3 SYSTEMPATH\View\View.php(216): CodeIgniter\View\View->CodeIgniter\View\{closure}()
 4 SYSTEMPATH\Common.php(1135): CodeIgniter\View\View->render('header', [], true)
 5 APPPATH\Controllers\Home.php(938): view('header', [...])
 6 SYSTEMPATH\CodeIgniter.php(896): App\Controllers\Home->cust_app()
 7 SYSTEMPATH\CodeIgniter.php(466): CodeIgniter\CodeIgniter->runController(Object(App\Controllers\Home))
 8 SYSTEMPATH\CodeIgniter.php(349): CodeIgniter\CodeIgniter->handleRequest(null, Object(Config\Cache), false)
 9 FCPATH\index.php(55): CodeIgniter\CodeIgniter->run()
CRITICAL - 2022-07-31 16:05:15 --> session_start(): Ignoring session_start() because a session is already active
in APPPATH\Views\LangIdentifier.php on line 2.
 1 [internal function]: CodeIgniter\Debug\Exceptions->errorHandler(8, 'session_start(): Ignoring session_start() because a session is already active', 'APPPATH\\Views\\LangIdentifier.php', 2)
 2 APPPATH\Views\LangIdentifier.php(2): session_start()
 3 APPPATH\Views\header.php(12): include('APPPATH\\Views\\LangIdentifier.php')
 4 SYSTEMPATH\View\View.php(213): include('APPPATH\\Views\\header.php')
 5 SYSTEMPATH\View\View.php(216): CodeIgniter\View\View->CodeIgniter\View\{closure}()
 6 SYSTEMPATH\Common.php(1135): CodeIgniter\View\View->render('header', [], true)
 7 APPPATH\Controllers\Home.php(1432): view('header', [...])
 8 SYSTEMPATH\CodeIgniter.php(896): App\Controllers\Home->cp_settings()
 9 SYSTEMPATH\CodeIgniter.php(466): CodeIgniter\CodeIgniter->runController(Object(App\Controllers\Home))
10 SYSTEMPATH\CodeIgniter.php(349): CodeIgniter\CodeIgniter->handleRequest(null, Object(Config\Cache), false)
11 FCPATH\index.php(55): CodeIgniter\CodeIgniter->run()
CRITICAL - 2022-07-31 16:07:52 --> Undefined variable $SESSION
in APPPATH\Views\LangIdentifier.php on line 12.
 1 APPPATH\Views\LangIdentifier.php(12): CodeIgniter\Debug\Exceptions->errorHandler(2, 'Undefined variable $SESSION', 'APPPATH\\Views\\LangIdentifier.php', 12)
 2 APPPATH\Views\header.php(12): include('APPPATH\\Views\\LangIdentifier.php')
 3 SYSTEMPATH\View\View.php(213): include('APPPATH\\Views\\header.php')
 4 SYSTEMPATH\View\View.php(216): CodeIgniter\View\View->CodeIgniter\View\{closure}()
 5 SYSTEMPATH\Common.php(1135): CodeIgniter\View\View->render('header', [], true)
 6 APPPATH\Controllers\Home.php(1432): view('header', [...])
 7 SYSTEMPATH\CodeIgniter.php(896): App\Controllers\Home->cp_settings()
 8 SYSTEMPATH\CodeIgniter.php(466): CodeIgniter\CodeIgniter->runController(Object(App\Controllers\Home))
 9 SYSTEMPATH\CodeIgniter.php(349): CodeIgniter\CodeIgniter->handleRequest(null, Object(Config\Cache), false)
10 FCPATH\index.php(55): CodeIgniter\CodeIgniter->run()
CRITICAL - 2022-07-31 16:08:56 --> Undefined array key "lang"
in APPPATH\Views\LangIdentifier.php on line 8.
 1 APPPATH\Views\LangIdentifier.php(8): CodeIgniter\Debug\Exceptions->errorHandler(2, 'Undefined array key "lang"', 'APPPATH\\Views\\LangIdentifier.php', 8)
 2 APPPATH\Views\header.php(12): include('APPPATH\\Views\\LangIdentifier.php')
 3 SYSTEMPATH\View\View.php(213): include('APPPATH\\Views\\header.php')
 4 SYSTEMPATH\View\View.php(216): CodeIgniter\View\View->CodeIgniter\View\{closure}()
 5 SYSTEMPATH\Common.php(1135): CodeIgniter\View\View->render('header', [], true)
 6 APPPATH\Controllers\Home.php(1432): view('header', [...])
 7 SYSTEMPATH\CodeIgniter.php(896): App\Controllers\Home->cp_settings()
 8 SYSTEMPATH\CodeIgniter.php(466): CodeIgniter\CodeIgniter->runController(Object(App\Controllers\Home))
 9 SYSTEMPATH\CodeIgniter.php(349): CodeIgniter\CodeIgniter->handleRequest(null, Object(Config\Cache), false)
10 FCPATH\index.php(55): CodeIgniter\CodeIgniter->run()
CRITICAL - 2022-07-31 16:08:59 --> Undefined array key "lang"
in APPPATH\Views\LangIdentifier.php on line 8.
 1 APPPATH\Views\LangIdentifier.php(8): CodeIgniter\Debug\Exceptions->errorHandler(2, 'Undefined array key "lang"', 'APPPATH\\Views\\LangIdentifier.php', 8)
 2 APPPATH\Views\header.php(12): include('APPPATH\\Views\\LangIdentifier.php')
 3 SYSTEMPATH\View\View.php(213): include('APPPATH\\Views\\header.php')
 4 SYSTEMPATH\View\View.php(216): CodeIgniter\View\View->CodeIgniter\View\{closure}()
 5 SYSTEMPATH\Common.php(1135): CodeIgniter\View\View->render('header', [], true)
 6 APPPATH\Controllers\Home.php(1432): view('header', [...])
 7 SYSTEMPATH\CodeIgniter.php(896): App\Controllers\Home->cp_settings()
 8 SYSTEMPATH\CodeIgniter.php(466): CodeIgniter\CodeIgniter->runController(Object(App\Controllers\Home))
 9 SYSTEMPATH\CodeIgniter.php(349): CodeIgniter\CodeIgniter->handleRequest(null, Object(Config\Cache), false)
10 FCPATH\index.php(55): CodeIgniter\CodeIgniter->run()
CRITICAL - 2022-07-31 16:09:35 --> require_once(language/enconstants.php): Failed to open stream: No such file or directory
in APPPATH\Views\LangIdentifier.php on line 12.
 1 APPPATH\Views\LangIdentifier.php(12): CodeIgniter\Debug\Exceptions->errorHandler(2, 'require_once(language/enconstants.php): Failed to open stream: No such file or directory', 'APPPATH\\Views\\LangIdentifier.php', 12)
 2 APPPATH\Views\LangIdentifier.php(12): require_once()
 3 APPPATH\Views\header.php(12): include('APPPATH\\Views\\LangIdentifier.php')
 4 SYSTEMPATH\View\View.php(213): include('APPPATH\\Views\\header.php')
 5 SYSTEMPATH\View\View.php(216): CodeIgniter\View\View->CodeIgniter\View\{closure}()
 6 SYSTEMPATH\Common.php(1135): CodeIgniter\View\View->render('header', [], true)
 7 APPPATH\Controllers\Home.php(1432): view('header', [...])
 8 SYSTEMPATH\CodeIgniter.php(896): App\Controllers\Home->cp_settings()
 9 SYSTEMPATH\CodeIgniter.php(466): CodeIgniter\CodeIgniter->runController(Object(App\Controllers\Home))
10 SYSTEMPATH\CodeIgniter.php(349): CodeIgniter\CodeIgniter->handleRequest(null, Object(Config\Cache), false)
11 FCPATH\index.php(55): CodeIgniter\CodeIgniter->run()
CRITICAL - 2022-07-31 16:10:03 --> require_once(Language/enconstants.php): Failed to open stream: No such file or directory
in APPPATH\Views\LangIdentifier.php on line 12.
 1 APPPATH\Views\LangIdentifier.php(12): CodeIgniter\Debug\Exceptions->errorHandler(2, 'require_once(Language/enconstants.php): Failed to open stream: No such file or directory', 'APPPATH\\Views\\LangIdentifier.php', 12)
 2 APPPATH\Views\LangIdentifier.php(12): require_once()
 3 APPPATH\Views\header.php(12): include('APPPATH\\Views\\LangIdentifier.php')
 4 SYSTEMPATH\View\View.php(213): include('APPPATH\\Views\\header.php')
 5 SYSTEMPATH\View\View.php(216): CodeIgniter\View\View->CodeIgniter\View\{closure}()
 6 SYSTEMPATH\Common.php(1135): CodeIgniter\View\View->render('header', [], true)
 7 APPPATH\Controllers\Home.php(1432): view('header', [...])
 8 SYSTEMPATH\CodeIgniter.php(896): App\Controllers\Home->cp_settings()
 9 SYSTEMPATH\CodeIgniter.php(466): CodeIgniter\CodeIgniter->runController(Object(App\Controllers\Home))
10 SYSTEMPATH\CodeIgniter.php(349): CodeIgniter\CodeIgniter->handleRequest(null, Object(Config\Cache), false)
11 FCPATH\index.php(55): CodeIgniter\CodeIgniter->run()
CRITICAL - 2022-07-31 16:10:23 --> require_once(Language/en/constants.php): Failed to open stream: No such file or directory
in APPPATH\Views\LangIdentifier.php on line 12.
 1 APPPATH\Views\LangIdentifier.php(12): CodeIgniter\Debug\Exceptions->errorHandler(2, 'require_once(Language/en/constants.php): Failed to open stream: No such file or directory', 'APPPATH\\Views\\LangIdentifier.php', 12)
 2 APPPATH\Views\LangIdentifier.php(12): require_once()
 3 APPPATH\Views\header.php(12): include('APPPATH\\Views\\LangIdentifier.php')
 4 SYSTEMPATH\View\View.php(213): include('APPPATH\\Views\\header.php')
 5 SYSTEMPATH\View\View.php(216): CodeIgniter\View\View->CodeIgniter\View\{closure}()
 6 SYSTEMPATH\Common.php(1135): CodeIgniter\View\View->render('header', [], true)
 7 APPPATH\Controllers\Home.php(1432): view('header', [...])
 8 SYSTEMPATH\CodeIgniter.php(896): App\Controllers\Home->cp_settings()
 9 SYSTEMPATH\CodeIgniter.php(466): CodeIgniter\CodeIgniter->runController(Object(App\Controllers\Home))
10 SYSTEMPATH\CodeIgniter.php(349): CodeIgniter\CodeIgniter->handleRequest(null, Object(Config\Cache), false)
11 FCPATH\index.php(55): CodeIgniter\CodeIgniter->run()
CRITICAL - 2022-07-31 16:13:12 --> require_once(Language\en\constants.php): Failed to open stream: No such file or directory
in APPPATH\Views\LangIdentifier.php on line 12.
 1 APPPATH\Views\LangIdentifier.php(12): CodeIgniter\Debug\Exceptions->errorHandler(2, 'require_once(Language\\en\\constants.php): Failed to open stream: No such file or directory', 'APPPATH\\Views\\LangIdentifier.php', 12)
 2 APPPATH\Views\LangIdentifier.php(12): require_once()
 3 APPPATH\Views\header.php(12): include('APPPATH\\Views\\LangIdentifier.php')
 4 SYSTEMPATH\View\View.php(213): include('APPPATH\\Views\\header.php')
 5 SYSTEMPATH\View\View.php(216): CodeIgniter\View\View->CodeIgniter\View\{closure}()
 6 SYSTEMPATH\Common.php(1135): CodeIgniter\View\View->render('header', [], true)
 7 APPPATH\Controllers\Home.php(1432): view('header', [...])
 8 SYSTEMPATH\CodeIgniter.php(896): App\Controllers\Home->cp_settings()
 9 SYSTEMPATH\CodeIgniter.php(466): CodeIgniter\CodeIgniter->runController(Object(App\Controllers\Home))
10 SYSTEMPATH\CodeIgniter.php(349): CodeIgniter\CodeIgniter->handleRequest(null, Object(Config\Cache), false)
11 FCPATH\index.php(55): CodeIgniter\CodeIgniter->run()
CRITICAL - 2022-07-31 16:13:57 --> require_once(\Language\en\constants.php): Failed to open stream: No such file or directory
in APPPATH\Views\LangIdentifier.php on line 12.
 1 APPPATH\Views\LangIdentifier.php(12): CodeIgniter\Debug\Exceptions->errorHandler(2, 'require_once(\\Language\\en\\constants.php): Failed to open stream: No such file or directory', 'APPPATH\\Views\\LangIdentifier.php', 12)
 2 APPPATH\Views\LangIdentifier.php(12): require_once()
 3 APPPATH\Views\header.php(12): include('APPPATH\\Views\\LangIdentifier.php')
 4 SYSTEMPATH\View\View.php(213): include('APPPATH\\Views\\header.php')
 5 SYSTEMPATH\View\View.php(216): CodeIgniter\View\View->CodeIgniter\View\{closure}()
 6 SYSTEMPATH\Common.php(1135): CodeIgniter\View\View->render('header', [], true)
 7 APPPATH\Controllers\Home.php(1432): view('header', [...])
 8 SYSTEMPATH\CodeIgniter.php(896): App\Controllers\Home->cp_settings()
 9 SYSTEMPATH\CodeIgniter.php(466): CodeIgniter\CodeIgniter->runController(Object(App\Controllers\Home))
10 SYSTEMPATH\CodeIgniter.php(349): CodeIgniter\CodeIgniter->handleRequest(null, Object(Config\Cache), false)
11 FCPATH\index.php(55): CodeIgniter\CodeIgniter->run()
CRITICAL - 2022-07-31 16:14:22 --> require_once(app\Language\en\constants.php): Failed to open stream: No such file or directory
in APPPATH\Views\LangIdentifier.php on line 12.
 1 APPPATH\Views\LangIdentifier.php(12): CodeIgniter\Debug\Exceptions->errorHandler(2, 'require_once(app\\Language\\en\\constants.php): Failed to open stream: No such file or directory', 'APPPATH\\Views\\LangIdentifier.php', 12)
 2 APPPATH\Views\LangIdentifier.php(12): require_once()
 3 APPPATH\Views\header.php(12): include('APPPATH\\Views\\LangIdentifier.php')
 4 SYSTEMPATH\View\View.php(213): include('APPPATH\\Views\\header.php')
 5 SYSTEMPATH\View\View.php(216): CodeIgniter\View\View->CodeIgniter\View\{closure}()
 6 SYSTEMPATH\Common.php(1135): CodeIgniter\View\View->render('header', [], true)
 7 APPPATH\Controllers\Home.php(1432): view('header', [...])
 8 SYSTEMPATH\CodeIgniter.php(896): App\Controllers\Home->cp_settings()
 9 SYSTEMPATH\CodeIgniter.php(466): CodeIgniter\CodeIgniter->runController(Object(App\Controllers\Home))
10 SYSTEMPATH\CodeIgniter.php(349): CodeIgniter\CodeIgniter->handleRequest(null, Object(Config\Cache), false)
11 FCPATH\index.php(55): CodeIgniter\CodeIgniter->run()
CRITICAL - 2022-07-31 16:14:25 --> require_once(app\Language\en\constants.php): Failed to open stream: No such file or directory
in APPPATH\Views\LangIdentifier.php on line 12.
 1 APPPATH\Views\LangIdentifier.php(12): CodeIgniter\Debug\Exceptions->errorHandler(2, 'require_once(app\\Language\\en\\constants.php): Failed to open stream: No such file or directory', 'APPPATH\\Views\\LangIdentifier.php', 12)
 2 APPPATH\Views\LangIdentifier.php(12): require_once()
 3 APPPATH\Views\header.php(12): include('APPPATH\\Views\\LangIdentifier.php')
 4 SYSTEMPATH\View\View.php(213): include('APPPATH\\Views\\header.php')
 5 SYSTEMPATH\View\View.php(216): CodeIgniter\View\View->CodeIgniter\View\{closure}()
 6 SYSTEMPATH\Common.php(1135): CodeIgniter\View\View->render('header', [], true)
 7 APPPATH\Controllers\Home.php(1432): view('header', [...])
 8 SYSTEMPATH\CodeIgniter.php(896): App\Controllers\Home->cp_settings()
 9 SYSTEMPATH\CodeIgniter.php(466): CodeIgniter\CodeIgniter->runController(Object(App\Controllers\Home))
10 SYSTEMPATH\CodeIgniter.php(349): CodeIgniter\CodeIgniter->handleRequest(null, Object(Config\Cache), false)
11 FCPATH\index.php(55): CodeIgniter\CodeIgniter->run()
CRITICAL - 2022-07-31 16:15:55 --> require_once(app/Language/en/constants.php): Failed to open stream: No such file or directory
in APPPATH\Views\LangIdentifier.php on line 12.
 1 APPPATH\Views\LangIdentifier.php(12): CodeIgniter\Debug\Exceptions->errorHandler(2, 'require_once(app/Language/en/constants.php): Failed to open stream: No such file or directory', 'APPPATH\\Views\\LangIdentifier.php', 12)
 2 APPPATH\Views\LangIdentifier.php(12): require_once()
 3 APPPATH\Views\header.php(12): include('APPPATH\\Views\\LangIdentifier.php')
 4 SYSTEMPATH\View\View.php(213): include('APPPATH\\Views\\header.php')
 5 SYSTEMPATH\View\View.php(216): CodeIgniter\View\View->CodeIgniter\View\{closure}()
 6 SYSTEMPATH\Common.php(1135): CodeIgniter\View\View->render('header', [], true)
 7 APPPATH\Controllers\Home.php(1432): view('header', [...])
 8 SYSTEMPATH\CodeIgniter.php(896): App\Controllers\Home->cp_settings()
 9 SYSTEMPATH\CodeIgniter.php(466): CodeIgniter\CodeIgniter->runController(Object(App\Controllers\Home))
10 SYSTEMPATH\CodeIgniter.php(349): CodeIgniter\CodeIgniter->handleRequest(null, Object(Config\Cache), false)
11 FCPATH\index.php(55): CodeIgniter\CodeIgniter->run()
CRITICAL - 2022-07-31 16:22:47 --> Undefined constant "هلا"
in APPPATH\Views\header.php on line 54.
 1 SYSTEMPATH\View\View.php(213): include()
 2 SYSTEMPATH\View\View.php(216): CodeIgniter\View\View->CodeIgniter\View\{closure}()
 3 SYSTEMPATH\Common.php(1135): CodeIgniter\View\View->render('header', [], true)
 4 APPPATH\Controllers\Home.php(1432): view('header', [...])
 5 SYSTEMPATH\CodeIgniter.php(896): App\Controllers\Home->cp_settings()
 6 SYSTEMPATH\CodeIgniter.php(466): CodeIgniter\CodeIgniter->runController(Object(App\Controllers\Home))
 7 SYSTEMPATH\CodeIgniter.php(349): CodeIgniter\CodeIgniter->handleRequest(null, Object(Config\Cache), false)
 8 FCPATH\index.php(55): CodeIgniter\CodeIgniter->run()
CRITICAL - 2022-07-31 16:23:33 --> Undefined constant "هلا"
in APPPATH\Views\header.php on line 54.
 1 SYSTEMPATH\View\View.php(213): include()
 2 SYSTEMPATH\View\View.php(216): CodeIgniter\View\View->CodeIgniter\View\{closure}()
 3 SYSTEMPATH\Common.php(1135): CodeIgniter\View\View->render('header', [], true)
 4 APPPATH\Controllers\Home.php(1432): view('header', [...])
 5 SYSTEMPATH\CodeIgniter.php(896): App\Controllers\Home->cp_settings()
 6 SYSTEMPATH\CodeIgniter.php(466): CodeIgniter\CodeIgniter->runController(Object(App\Controllers\Home))
 7 SYSTEMPATH\CodeIgniter.php(349): CodeIgniter\CodeIgniter->handleRequest(null, Object(Config\Cache), false)
 8 FCPATH\index.php(55): CodeIgniter\CodeIgniter->run()
CRITICAL - 2022-07-31 16:24:18 --> Undefined array key "lang"
in APPPATH\Views\LangIdentifier.php on line 8.
 1 APPPATH\Views\LangIdentifier.php(8): CodeIgniter\Debug\Exceptions->errorHandler(2, 'Undefined array key "lang"', 'APPPATH\\Views\\LangIdentifier.php', 8)
 2 APPPATH\Views\header.php(12): include('APPPATH\\Views\\LangIdentifier.php')
 3 SYSTEMPATH\View\View.php(213): include('APPPATH\\Views\\header.php')
 4 SYSTEMPATH\View\View.php(216): CodeIgniter\View\View->CodeIgniter\View\{closure}()
 5 SYSTEMPATH\Common.php(1135): CodeIgniter\View\View->render('header', [], true)
 6 APPPATH\Controllers\Home.php(460): view('header', [...])
 7 SYSTEMPATH\CodeIgniter.php(896): App\Controllers\Home->main_page()
 8 SYSTEMPATH\CodeIgniter.php(466): CodeIgniter\CodeIgniter->runController(Object(App\Controllers\Home))
 9 SYSTEMPATH\CodeIgniter.php(349): CodeIgniter\CodeIgniter->handleRequest(null, Object(Config\Cache), false)
10 FCPATH\index.php(55): CodeIgniter\CodeIgniter->run()
CRITICAL - 2022-07-31 16:43:27 --> Undefined variable $lang
in APPPATH\Views\sign_up.php on line 22.
 1 APPPATH\Views\sign_up.php(22): CodeIgniter\Debug\Exceptions->errorHandler(2, 'Undefined variable $lang', 'APPPATH\\Views\\sign_up.php', 22)
 2 SYSTEMPATH\View\View.php(213): include('APPPATH\\Views\\sign_up.php')
 3 SYSTEMPATH\View\View.php(216): CodeIgniter\View\View->CodeIgniter\View\{closure}()
 4 SYSTEMPATH\Common.php(1135): CodeIgniter\View\View->render('sign_up', [], true)
 5 APPPATH\Controllers\Home.php(864): view('sign_up')
 6 SYSTEMPATH\CodeIgniter.php(896): App\Controllers\Home->sign_up()
 7 SYSTEMPATH\CodeIgniter.php(466): CodeIgniter\CodeIgniter->runController(Object(App\Controllers\Home))
 8 SYSTEMPATH\CodeIgniter.php(349): CodeIgniter\CodeIgniter->handleRequest(null, Object(Config\Cache), false)
 9 FCPATH\index.php(55): CodeIgniter\CodeIgniter->run()
CRITICAL - 2022-07-31 16:45:44 --> Undefined variable $lang
in APPPATH\Views\sign_up.php on line 22.
 1 APPPATH\Views\sign_up.php(22): CodeIgniter\Debug\Exceptions->errorHandler(2, 'Undefined variable $lang', 'APPPATH\\Views\\sign_up.php', 22)
 2 SYSTEMPATH\View\View.php(213): include('APPPATH\\Views\\sign_up.php')
 3 SYSTEMPATH\View\View.php(216): CodeIgniter\View\View->CodeIgniter\View\{closure}()
 4 SYSTEMPATH\Common.php(1135): CodeIgniter\View\View->render('sign_up', [], true)
 5 APPPATH\Controllers\Home.php(864): view('sign_up')
 6 SYSTEMPATH\CodeIgniter.php(896): App\Controllers\Home->sign_up()
 7 SYSTEMPATH\CodeIgniter.php(466): CodeIgniter\CodeIgniter->runController(Object(App\Controllers\Home))
 8 SYSTEMPATH\CodeIgniter.php(349): CodeIgniter\CodeIgniter->handleRequest(null, Object(Config\Cache), false)
 9 FCPATH\index.php(55): CodeIgniter\CodeIgniter->run()
CRITICAL - 2022-07-31 16:46:01 --> Undefined variable $lang
in APPPATH\Views\sign_up.php on line 22.
 1 APPPATH\Views\sign_up.php(22): CodeIgniter\Debug\Exceptions->errorHandler(2, 'Undefined variable $lang', 'APPPATH\\Views\\sign_up.php', 22)
 2 SYSTEMPATH\View\View.php(213): include('APPPATH\\Views\\sign_up.php')
 3 SYSTEMPATH\View\View.php(216): CodeIgniter\View\View->CodeIgniter\View\{closure}()
 4 SYSTEMPATH\Common.php(1135): CodeIgniter\View\View->render('sign_up', [], true)
 5 APPPATH\Controllers\Home.php(864): view('sign_up')
 6 SYSTEMPATH\CodeIgniter.php(896): App\Controllers\Home->sign_up()
 7 SYSTEMPATH\CodeIgniter.php(466): CodeIgniter\CodeIgniter->runController(Object(App\Controllers\Home))
 8 SYSTEMPATH\CodeIgniter.php(349): CodeIgniter\CodeIgniter->handleRequest(null, Object(Config\Cache), false)
 9 FCPATH\index.php(55): CodeIgniter\CodeIgniter->run()
CRITICAL - 2022-07-31 16:46:39 --> Undefined variable $lang
in APPPATH\Views\sign_up.php on line 21.
 1 APPPATH\Views\sign_up.php(21): CodeIgniter\Debug\Exceptions->errorHandler(2, 'Undefined variable $lang', 'APPPATH\\Views\\sign_up.php', 21)
 2 SYSTEMPATH\View\View.php(213): include('APPPATH\\Views\\sign_up.php')
 3 SYSTEMPATH\View\View.php(216): CodeIgniter\View\View->CodeIgniter\View\{closure}()
 4 SYSTEMPATH\Common.php(1135): CodeIgniter\View\View->render('sign_up', [], true)
 5 APPPATH\Controllers\Home.php(864): view('sign_up')
 6 SYSTEMPATH\CodeIgniter.php(896): App\Controllers\Home->sign_up()
 7 SYSTEMPATH\CodeIgniter.php(466): CodeIgniter\CodeIgniter->runController(Object(App\Controllers\Home))
 8 SYSTEMPATH\CodeIgniter.php(349): CodeIgniter\CodeIgniter->handleRequest(null, Object(Config\Cache), false)
 9 FCPATH\index.php(55): CodeIgniter\CodeIgniter->run()
CRITICAL - 2022-07-31 16:46:40 --> Undefined variable $lang
in APPPATH\Views\sign_up.php on line 21.
 1 APPPATH\Views\sign_up.php(21): CodeIgniter\Debug\Exceptions->errorHandler(2, 'Undefined variable $lang', 'APPPATH\\Views\\sign_up.php', 21)
 2 SYSTEMPATH\View\View.php(213): include('APPPATH\\Views\\sign_up.php')
 3 SYSTEMPATH\View\View.php(216): CodeIgniter\View\View->CodeIgniter\View\{closure}()
 4 SYSTEMPATH\Common.php(1135): CodeIgniter\View\View->render('sign_up', [], true)
 5 APPPATH\Controllers\Home.php(864): view('sign_up')
 6 SYSTEMPATH\CodeIgniter.php(896): App\Controllers\Home->sign_up()
 7 SYSTEMPATH\CodeIgniter.php(466): CodeIgniter\CodeIgniter->runController(Object(App\Controllers\Home))
 8 SYSTEMPATH\CodeIgniter.php(349): CodeIgniter\CodeIgniter->handleRequest(null, Object(Config\Cache), false)
 9 FCPATH\index.php(55): CodeIgniter\CodeIgniter->run()
CRITICAL - 2022-07-31 16:47:24 --> Undefined variable $lang
in APPPATH\Views\sign_up.php on line 21.
 1 APPPATH\Views\sign_up.php(21): CodeIgniter\Debug\Exceptions->errorHandler(2, 'Undefined variable $lang', 'APPPATH\\Views\\sign_up.php', 21)
 2 SYSTEMPATH\View\View.php(213): include('APPPATH\\Views\\sign_up.php')
 3 SYSTEMPATH\View\View.php(216): CodeIgniter\View\View->CodeIgniter\View\{closure}()
 4 SYSTEMPATH\Common.php(1135): CodeIgniter\View\View->render('sign_up', [], true)
 5 APPPATH\Controllers\Home.php(864): view('sign_up')
 6 SYSTEMPATH\CodeIgniter.php(896): App\Controllers\Home->sign_up()
 7 SYSTEMPATH\CodeIgniter.php(466): CodeIgniter\CodeIgniter->runController(Object(App\Controllers\Home))
 8 SYSTEMPATH\CodeIgniter.php(349): CodeIgniter\CodeIgniter->handleRequest(null, Object(Config\Cache), false)
 9 FCPATH\index.php(55): CodeIgniter\CodeIgniter->run()
CRITICAL - 2022-07-31 16:47:45 --> Undefined variable $lang
in APPPATH\Views\sign_up.php on line 21.
 1 APPPATH\Views\sign_up.php(21): CodeIgniter\Debug\Exceptions->errorHandler(2, 'Undefined variable $lang', 'APPPATH\\Views\\sign_up.php', 21)
 2 SYSTEMPATH\View\View.php(213): include('APPPATH\\Views\\sign_up.php')
 3 SYSTEMPATH\View\View.php(216): CodeIgniter\View\View->CodeIgniter\View\{closure}()
 4 SYSTEMPATH\Common.php(1135): CodeIgniter\View\View->render('sign_up', [], true)
 5 APPPATH\Controllers\Home.php(864): view('sign_up')
 6 SYSTEMPATH\CodeIgniter.php(896): App\Controllers\Home->sign_up()
 7 SYSTEMPATH\CodeIgniter.php(466): CodeIgniter\CodeIgniter->runController(Object(App\Controllers\Home))
 8 SYSTEMPATH\CodeIgniter.php(349): CodeIgniter\CodeIgniter->handleRequest(null, Object(Config\Cache), false)
 9 FCPATH\index.php(55): CodeIgniter\CodeIgniter->run()
CRITICAL - 2022-07-31 16:48:03 --> Undefined variable $lang
in APPPATH\Views\sign_up.php on line 21.
 1 APPPATH\Views\sign_up.php(21): CodeIgniter\Debug\Exceptions->errorHandler(2, 'Undefined variable $lang', 'APPPATH\\Views\\sign_up.php', 21)
 2 SYSTEMPATH\View\View.php(213): include('APPPATH\\Views\\sign_up.php')
 3 SYSTEMPATH\View\View.php(216): CodeIgniter\View\View->CodeIgniter\View\{closure}()
 4 SYSTEMPATH\Common.php(1135): CodeIgniter\View\View->render('sign_up', [], true)
 5 APPPATH\Controllers\Home.php(864): view('sign_up')
 6 SYSTEMPATH\CodeIgniter.php(896): App\Controllers\Home->sign_up()
 7 SYSTEMPATH\CodeIgniter.php(466): CodeIgniter\CodeIgniter->runController(Object(App\Controllers\Home))
 8 SYSTEMPATH\CodeIgniter.php(349): CodeIgniter\CodeIgniter->handleRequest(null, Object(Config\Cache), false)
 9 FCPATH\index.php(55): CodeIgniter\CodeIgniter->run()
CRITICAL - 2022-07-31 16:48:03 --> Undefined variable $lang
in APPPATH\Views\sign_up.php on line 21.
 1 APPPATH\Views\sign_up.php(21): CodeIgniter\Debug\Exceptions->errorHandler(2, 'Undefined variable $lang', 'APPPATH\\Views\\sign_up.php', 21)
 2 SYSTEMPATH\View\View.php(213): include('APPPATH\\Views\\sign_up.php')
 3 SYSTEMPATH\View\View.php(216): CodeIgniter\View\View->CodeIgniter\View\{closure}()
 4 SYSTEMPATH\Common.php(1135): CodeIgniter\View\View->render('sign_up', [], true)
 5 APPPATH\Controllers\Home.php(864): view('sign_up')
 6 SYSTEMPATH\CodeIgniter.php(896): App\Controllers\Home->sign_up()
 7 SYSTEMPATH\CodeIgniter.php(466): CodeIgniter\CodeIgniter->runController(Object(App\Controllers\Home))
 8 SYSTEMPATH\CodeIgniter.php(349): CodeIgniter\CodeIgniter->handleRequest(null, Object(Config\Cache), false)
 9 FCPATH\index.php(55): CodeIgniter\CodeIgniter->run()
CRITICAL - 2022-07-31 16:48:32 --> Undefined variable $lang
in APPPATH\Views\sign_up.php on line 21.
 1 APPPATH\Views\sign_up.php(21): CodeIgniter\Debug\Exceptions->errorHandler(2, 'Undefined variable $lang', 'APPPATH\\Views\\sign_up.php', 21)
 2 SYSTEMPATH\View\View.php(213): include('APPPATH\\Views\\sign_up.php')
 3 SYSTEMPATH\View\View.php(216): CodeIgniter\View\View->CodeIgniter\View\{closure}()
 4 SYSTEMPATH\Common.php(1135): CodeIgniter\View\View->render('sign_up', [], true)
 5 APPPATH\Controllers\Home.php(864): view('sign_up')
 6 SYSTEMPATH\CodeIgniter.php(896): App\Controllers\Home->sign_up()
 7 SYSTEMPATH\CodeIgniter.php(466): CodeIgniter\CodeIgniter->runController(Object(App\Controllers\Home))
 8 SYSTEMPATH\CodeIgniter.php(349): CodeIgniter\CodeIgniter->handleRequest(null, Object(Config\Cache), false)
 9 FCPATH\index.php(55): CodeIgniter\CodeIgniter->run()
CRITICAL - 2022-07-31 17:03:42 --> Undefined variable $lang
in APPPATH\Views\sign_up.php on line 22.
 1 APPPATH\Views\sign_up.php(22): CodeIgniter\Debug\Exceptions->errorHandler(2, 'Undefined variable $lang', 'APPPATH\\Views\\sign_up.php', 22)
 2 SYSTEMPATH\View\View.php(213): include('APPPATH\\Views\\sign_up.php')
 3 SYSTEMPATH\View\View.php(216): CodeIgniter\View\View->CodeIgniter\View\{closure}()
 4 SYSTEMPATH\Common.php(1135): CodeIgniter\View\View->render('sign_up', [], true)
 5 APPPATH\Controllers\Home.php(864): view('sign_up')
 6 SYSTEMPATH\CodeIgniter.php(896): App\Controllers\Home->sign_up()
 7 SYSTEMPATH\CodeIgniter.php(466): CodeIgniter\CodeIgniter->runController(Object(App\Controllers\Home))
 8 SYSTEMPATH\CodeIgniter.php(349): CodeIgniter\CodeIgniter->handleRequest(null, Object(Config\Cache), false)
 9 FCPATH\index.php(55): CodeIgniter\CodeIgniter->run()
CRITICAL - 2022-07-31 17:07:23 --> Undefined variable $lang
in APPPATH\Views\sign_up.php on line 23.
 1 APPPATH\Views\sign_up.php(23): CodeIgniter\Debug\Exceptions->errorHandler(2, 'Undefined variable $lang', 'APPPATH\\Views\\sign_up.php', 23)
 2 SYSTEMPATH\View\View.php(213): include('APPPATH\\Views\\sign_up.php')
 3 SYSTEMPATH\View\View.php(216): CodeIgniter\View\View->CodeIgniter\View\{closure}()
 4 SYSTEMPATH\Common.php(1135): CodeIgniter\View\View->render('sign_up', [], true)
 5 APPPATH\Controllers\Home.php(864): view('sign_up')
 6 SYSTEMPATH\CodeIgniter.php(896): App\Controllers\Home->sign_up()
 7 SYSTEMPATH\CodeIgniter.php(466): CodeIgniter\CodeIgniter->runController(Object(App\Controllers\Home))
 8 SYSTEMPATH\CodeIgniter.php(349): CodeIgniter\CodeIgniter->handleRequest(null, Object(Config\Cache), false)
 9 FCPATH\index.php(55): CodeIgniter\CodeIgniter->run()
CRITICAL - 2022-07-31 17:09:07 --> Undefined variable $lang
in APPPATH\Views\sign_up.php on line 23.
 1 APPPATH\Views\sign_up.php(23): CodeIgniter\Debug\Exceptions->errorHandler(2, 'Undefined variable $lang', 'APPPATH\\Views\\sign_up.php', 23)
 2 SYSTEMPATH\View\View.php(213): include('APPPATH\\Views\\sign_up.php')
 3 SYSTEMPATH\View\View.php(216): CodeIgniter\View\View->CodeIgniter\View\{closure}()
 4 SYSTEMPATH\Common.php(1135): CodeIgniter\View\View->render('sign_up', [], true)
 5 APPPATH\Controllers\Home.php(864): view('sign_up')
 6 SYSTEMPATH\CodeIgniter.php(896): App\Controllers\Home->sign_up()
 7 SYSTEMPATH\CodeIgniter.php(466): CodeIgniter\CodeIgniter->runController(Object(App\Controllers\Home))
 8 SYSTEMPATH\CodeIgniter.php(349): CodeIgniter\CodeIgniter->handleRequest(null, Object(Config\Cache), false)
 9 FCPATH\index.php(55): CodeIgniter\CodeIgniter->run()
CRITICAL - 2022-07-31 17:10:43 --> Undefined variable $lang
in APPPATH\Views\sign_up.php on line 23.
 1 APPPATH\Views\sign_up.php(23): CodeIgniter\Debug\Exceptions->errorHandler(2, 'Undefined variable $lang', 'APPPATH\\Views\\sign_up.php', 23)
 2 SYSTEMPATH\View\View.php(213): include('APPPATH\\Views\\sign_up.php')
 3 SYSTEMPATH\View\View.php(216): CodeIgniter\View\View->CodeIgniter\View\{closure}()
 4 SYSTEMPATH\Common.php(1135): CodeIgniter\View\View->render('sign_up', [], true)
 5 APPPATH\Controllers\Home.php(864): view('sign_up')
 6 SYSTEMPATH\CodeIgniter.php(896): App\Controllers\Home->sign_up()
 7 SYSTEMPATH\CodeIgniter.php(466): CodeIgniter\CodeIgniter->runController(Object(App\Controllers\Home))
 8 SYSTEMPATH\CodeIgniter.php(349): CodeIgniter\CodeIgniter->handleRequest(null, Object(Config\Cache), false)
 9 FCPATH\index.php(55): CodeIgniter\CodeIgniter->run()
CRITICAL - 2022-07-31 17:13:01 --> Undefined variable $lang
in APPPATH\Views\sign_up.php on line 22.
 1 APPPATH\Views\sign_up.php(22): CodeIgniter\Debug\Exceptions->errorHandler(2, 'Undefined variable $lang', 'APPPATH\\Views\\sign_up.php', 22)
 2 SYSTEMPATH\View\View.php(213): include('APPPATH\\Views\\sign_up.php')
 3 SYSTEMPATH\View\View.php(216): CodeIgniter\View\View->CodeIgniter\View\{closure}()
 4 SYSTEMPATH\Common.php(1135): CodeIgniter\View\View->render('sign_up', [], true)
 5 APPPATH\Controllers\Home.php(864): view('sign_up')
 6 SYSTEMPATH\CodeIgniter.php(896): App\Controllers\Home->sign_up()
 7 SYSTEMPATH\CodeIgniter.php(466): CodeIgniter\CodeIgniter->runController(Object(App\Controllers\Home))
 8 SYSTEMPATH\CodeIgniter.php(349): CodeIgniter\CodeIgniter->handleRequest(null, Object(Config\Cache), false)
 9 FCPATH\index.php(55): CodeIgniter\CodeIgniter->run()
CRITICAL - 2022-07-31 17:20:39 --> Undefined variable $lang
in APPPATH\Views\header.php on line 52.
 1 APPPATH\Views\header.php(52): CodeIgniter\Debug\Exceptions->errorHandler(2, 'Undefined variable $lang', 'APPPATH\\Views\\header.php', 52)
 2 SYSTEMPATH\View\View.php(213): include('APPPATH\\Views\\header.php')
 3 SYSTEMPATH\View\View.php(216): CodeIgniter\View\View->CodeIgniter\View\{closure}()
 4 SYSTEMPATH\Common.php(1135): CodeIgniter\View\View->render('header', [], true)
 5 APPPATH\Controllers\Home.php(472): view('header', [...])
 6 SYSTEMPATH\CodeIgniter.php(896): App\Controllers\Home->main_page()
 7 SYSTEMPATH\CodeIgniter.php(466): CodeIgniter\CodeIgniter->runController(Object(App\Controllers\Home))
 8 SYSTEMPATH\CodeIgniter.php(349): CodeIgniter\CodeIgniter->handleRequest(null, Object(Config\Cache), false)
 9 FCPATH\index.php(55): CodeIgniter\CodeIgniter->run()
CRITICAL - 2022-07-31 17:37:38 --> Undefined array key "receptionist"
in APPPATH\Views\sign_up.php on line 108.
 1 APPPATH\Views\sign_up.php(108): CodeIgniter\Debug\Exceptions->errorHandler(2, 'Undefined array key "receptionist"', 'APPPATH\\Views\\sign_up.php', 108)
 2 SYSTEMPATH\View\View.php(213): include('APPPATH\\Views\\sign_up.php')
 3 SYSTEMPATH\View\View.php(216): CodeIgniter\View\View->CodeIgniter\View\{closure}()
 4 SYSTEMPATH\Common.php(1135): CodeIgniter\View\View->render('sign_up', [], true)
 5 APPPATH\Controllers\Home.php(864): view('sign_up')
 6 SYSTEMPATH\CodeIgniter.php(896): App\Controllers\Home->sign_up()
 7 SYSTEMPATH\CodeIgniter.php(466): CodeIgniter\CodeIgniter->runController(Object(App\Controllers\Home))
 8 SYSTEMPATH\CodeIgniter.php(349): CodeIgniter\CodeIgniter->handleRequest(null, Object(Config\Cache), false)
 9 FCPATH\index.php(55): CodeIgniter\CodeIgniter->run()
