CRITICAL - 2022-09-01 10:13:32 --> Undefined array key "hex_color"
in APPPATH\Views\cp_settings.php on line 113.
 1 APPPATH\Views\cp_settings.php(113): CodeIgniter\Debug\Exceptions->errorHandler(2, 'Undefined array key "hex_color"', 'APPPATH\\Views\\cp_settings.php', 113)
 2 SYSTEMPATH\View\View.php(213): include('APPPATH\\Views\\cp_settings.php')
 3 SYSTEMPATH\View\View.php(216): CodeIgniter\View\View->CodeIgniter\View\{closure}()
 4 SYSTEMPATH\Common.php(1135): CodeIgniter\View\View->render('cp_settings', [], true)
 5 APPPATH\Controllers\Home.php(2773): view('cp_settings', [...])
 6 SYSTEMPATH\CodeIgniter.php(896): App\Controllers\Home->cp_settings()
 7 SYSTEMPATH\CodeIgniter.php(466): CodeIgniter\CodeIgniter->runController(Object(App\Controllers\Home))
 8 SYSTEMPATH\CodeIgniter.php(349): CodeIgniter\CodeIgniter->handleRequest(null, Object(Config\Cache), false)
 9 FCPATH\index.php(55): CodeIgniter\CodeIgniter->run()
CRITICAL - 2022-09-01 10:22:08 --> App\Models\CompColorsModel::__construct(): Argument #1 ($db) must be of type CodeIgniter\Database\ConnectionInterface, null given, called in C:\XAMPP\htdocs\project-root\app\Controllers\Home.php on line 2156
in APPPATH\Models\CompColorsModel.php on line 13.
 1 APPPATH\Controllers\Home.php(2156): App\Models\CompColorsModel->__construct(null)
 2 SYSTEMPATH\CodeIgniter.php(896): App\Controllers\Home->cp_settings()
 3 SYSTEMPATH\CodeIgniter.php(466): CodeIgniter\CodeIgniter->runController(Object(App\Controllers\Home))
 4 SYSTEMPATH\CodeIgniter.php(349): CodeIgniter\CodeIgniter->handleRequest(null, Object(Config\Cache), false)
 5 FCPATH\index.php(55): CodeIgniter\CodeIgniter->run()
CRITICAL - 2022-09-01 10:52:46 --> App\Models\CompColorsModel::__construct(): Argument #1 ($db) must be of type CodeIgniter\Database\ConnectionInterface, null given, called in C:\XAMPP\htdocs\project-root\app\Controllers\Home.php on line 2156
in APPPATH\Models\CompColorsModel.php on line 10.
 1 APPPATH\Controllers\Home.php(2156): App\Models\CompColorsModel->__construct(null)
 2 SYSTEMPATH\CodeIgniter.php(896): App\Controllers\Home->cp_settings()
 3 SYSTEMPATH\CodeIgniter.php(466): CodeIgniter\CodeIgniter->runController(Object(App\Controllers\Home))
 4 SYSTEMPATH\CodeIgniter.php(349): CodeIgniter\CodeIgniter->handleRequest(null, Object(Config\Cache), false)
 5 FCPATH\index.php(55): CodeIgniter\CodeIgniter->run()
CRITICAL - 2022-09-01 10:53:34 --> Call to undefined method App\Models\CompColorsModel::find()
in APPPATH\Controllers\Home.php on line 2727.
 1 SYSTEMPATH\CodeIgniter.php(896): App\Controllers\Home->cp_settings()
 2 SYSTEMPATH\CodeIgniter.php(466): CodeIgniter\CodeIgniter->runController(Object(App\Controllers\Home))
 3 SYSTEMPATH\CodeIgniter.php(349): CodeIgniter\CodeIgniter->handleRequest(null, Object(Config\Cache), false)
 4 FCPATH\index.php(55): CodeIgniter\CodeIgniter->run()
CRITICAL - 2022-09-01 11:04:18 --> Too few arguments to function App\Models\CompColorsModel::update_record(), 1 passed in C:\XAMPP\htdocs\project-root\app\Controllers\Home.php on line 2190 and exactly 2 expected
in APPPATH\Models\CompColorsModel.php on line 44.
 1 APPPATH\Controllers\Home.php(2190): App\Models\CompColorsModel->update_record([...])
 2 SYSTEMPATH\CodeIgniter.php(896): App\Controllers\Home->cp_settings()
 3 SYSTEMPATH\CodeIgniter.php(466): CodeIgniter\CodeIgniter->runController(Object(App\Controllers\Home))
 4 SYSTEMPATH\CodeIgniter.php(349): CodeIgniter\CodeIgniter->handleRequest(null, Object(Config\Cache), false)
 5 FCPATH\index.php(55): CodeIgniter\CodeIgniter->run()
ERROR - 2022-09-01 11:05:13 --> Unknown column 'colorId' in 'where clause'
CRITICAL - 2022-09-01 11:05:13 --> Unknown column 'colorId' in 'where clause'
in SYSTEMPATH\Database\MySQLi\Connection.php on line 292.
 1 SYSTEMPATH\Database\MySQLi\Connection.php(292): mysqli->query('UPDATE `compcolors` SET `header` = \'#ffffff\', `footer` = \'#ff0000\', `font` = \'#454545\', `buttons` = \'#a5c422\'
WHERE `colorId` = \'1\'', 0)
 2 SYSTEMPATH\Database\BaseConnection.php(695): CodeIgniter\Database\MySQLi\Connection->execute('UPDATE `compcolors` SET `header` = \'#ffffff\', `footer` = \'#ff0000\', `font` = \'#454545\', `buttons` = \'#a5c422\'
WHERE `colorId` = \'1\'')
 3 SYSTEMPATH\Database\BaseConnection.php(609): CodeIgniter\Database\BaseConnection->simpleQuery('UPDATE `compcolors` SET `header` = \'#ffffff\', `footer` = \'#ff0000\', `font` = \'#454545\', `buttons` = \'#a5c422\'
WHERE `colorId` = \'1\'')
 4 SYSTEMPATH\Database\BaseBuilder.php(2046): CodeIgniter\Database\BaseConnection->query('UPDATE `compcolors` SET `header` = :header:, `footer` = :footer:, `font` = :font:, `buttons` = :buttons:
WHERE `colorId` = :colorId:', [...], false)
 5 APPPATH\Models\CompColorsModel.php(50): CodeIgniter\Database\BaseBuilder->update([...])
 6 APPPATH\Controllers\Home.php(2190): App\Models\CompColorsModel->update_record('1', [...])
 7 SYSTEMPATH\CodeIgniter.php(896): App\Controllers\Home->cp_settings()
 8 SYSTEMPATH\CodeIgniter.php(466): CodeIgniter\CodeIgniter->runController(Object(App\Controllers\Home))
 9 SYSTEMPATH\CodeIgniter.php(349): CodeIgniter\CodeIgniter->handleRequest(null, Object(Config\Cache), false)
10 FCPATH\index.php(55): CodeIgniter\CodeIgniter->run()
CRITICAL - 2022-09-01 11:43:00 --> Undefined array key "font1"
in APPPATH\Controllers\Home.php on line 2185.
 1 APPPATH\Controllers\Home.php(2185): CodeIgniter\Debug\Exceptions->errorHandler(2, 'Undefined array key "font1"', 'APPPATH\\Controllers\\Home.php', 2185)
 2 SYSTEMPATH\CodeIgniter.php(896): App\Controllers\Home->cp_settings()
 3 SYSTEMPATH\CodeIgniter.php(466): CodeIgniter\CodeIgniter->runController(Object(App\Controllers\Home))
 4 SYSTEMPATH\CodeIgniter.php(349): CodeIgniter\CodeIgniter->handleRequest(null, Object(Config\Cache), false)
 5 FCPATH\index.php(55): CodeIgniter\CodeIgniter->run()
ERROR - 2022-09-01 11:44:13 --> Unknown column 'font' in 'field list'
CRITICAL - 2022-09-01 11:44:13 --> Unknown column 'font' in 'field list'
in SYSTEMPATH\Database\MySQLi\Connection.php on line 292.
 1 SYSTEMPATH\Database\MySQLi\Connection.php(292): mysqli->query('UPDATE `compcolors` SET `header` = \'#ffffff\', `footer` = \'#ff0000\', `font` = \'#454545\', `buttons` = \'#a5c422\'
WHERE `colorsId` = \'1\'', 0)
 2 SYSTEMPATH\Database\BaseConnection.php(695): CodeIgniter\Database\MySQLi\Connection->execute('UPDATE `compcolors` SET `header` = \'#ffffff\', `footer` = \'#ff0000\', `font` = \'#454545\', `buttons` = \'#a5c422\'
WHERE `colorsId` = \'1\'')
 3 SYSTEMPATH\Database\BaseConnection.php(609): CodeIgniter\Database\BaseConnection->simpleQuery('UPDATE `compcolors` SET `header` = \'#ffffff\', `footer` = \'#ff0000\', `font` = \'#454545\', `buttons` = \'#a5c422\'
WHERE `colorsId` = \'1\'')
 4 SYSTEMPATH\Database\BaseBuilder.php(2046): CodeIgniter\Database\BaseConnection->query('UPDATE `compcolors` SET `header` = :header:, `footer` = :footer:, `font` = :font:, `buttons` = :buttons:
WHERE `colorsId` = :colorsId:', [...], false)
 5 APPPATH\Models\CompColorsModel.php(51): CodeIgniter\Database\BaseBuilder->update([...])
 6 APPPATH\Controllers\Home.php(2191): App\Models\CompColorsModel->update_record('1', [...])
 7 SYSTEMPATH\CodeIgniter.php(896): App\Controllers\Home->cp_settings()
 8 SYSTEMPATH\CodeIgniter.php(466): CodeIgniter\CodeIgniter->runController(Object(App\Controllers\Home))
 9 SYSTEMPATH\CodeIgniter.php(349): CodeIgniter\CodeIgniter->handleRequest(null, Object(Config\Cache), false)
10 FCPATH\index.php(55): CodeIgniter\CodeIgniter->run()
CRITICAL - 2022-09-01 12:03:13 --> Undefined array key "font"
in APPPATH\Controllers\Home.php on line 2185.
 1 APPPATH\Controllers\Home.php(2185): CodeIgniter\Debug\Exceptions->errorHandler(2, 'Undefined array key "font"', 'APPPATH\\Controllers\\Home.php', 2185)
 2 SYSTEMPATH\CodeIgniter.php(896): App\Controllers\Home->cp_settings()
 3 SYSTEMPATH\CodeIgniter.php(466): CodeIgniter\CodeIgniter->runController(Object(App\Controllers\Home))
 4 SYSTEMPATH\CodeIgniter.php(349): CodeIgniter\CodeIgniter->handleRequest(null, Object(Config\Cache), false)
 5 FCPATH\index.php(55): CodeIgniter\CodeIgniter->run()
CRITICAL - 2022-09-01 12:06:38 --> Undefined variable $colors
in APPPATH\Views\public_header.php on line 33.
 1 APPPATH\Views\public_header.php(33): CodeIgniter\Debug\Exceptions->errorHandler(2, 'Undefined variable $colors', 'APPPATH\\Views\\public_header.php', 33)
 2 SYSTEMPATH\View\View.php(213): include('APPPATH\\Views\\public_header.php')
 3 SYSTEMPATH\View\View.php(216): CodeIgniter\View\View->CodeIgniter\View\{closure}()
 4 SYSTEMPATH\Common.php(1135): CodeIgniter\View\View->render('public_header', [], true)
 5 APPPATH\Controllers\Home.php(3197): view('public_header', [...])
 6 SYSTEMPATH\CodeIgniter.php(896): App\Controllers\Home->org_public_web()
 7 SYSTEMPATH\CodeIgniter.php(466): CodeIgniter\CodeIgniter->runController(Object(App\Controllers\Home))
 8 SYSTEMPATH\CodeIgniter.php(349): CodeIgniter\CodeIgniter->handleRequest(null, Object(Config\Cache), false)
 9 FCPATH\index.php(55): CodeIgniter\CodeIgniter->run()
CRITICAL - 2022-09-01 14:01:49 --> Call to undefined function App\Models\update_record()
in APPPATH\Models\CompColorsModel.php on line 26.
 1 APPPATH\Controllers\Home.php(2196): App\Models\CompColorsModel->set_default()
 2 SYSTEMPATH\CodeIgniter.php(896): App\Controllers\Home->cp_settings()
 3 SYSTEMPATH\CodeIgniter.php(466): CodeIgniter\CodeIgniter->runController(Object(App\Controllers\Home))
 4 SYSTEMPATH\CodeIgniter.php(349): CodeIgniter\CodeIgniter->handleRequest(null, Object(Config\Cache), false)
 5 FCPATH\index.php(55): CodeIgniter\CodeIgniter->run()
CRITICAL - 2022-09-01 14:03:58 --> Unclosed '(' on line 26 does not match '}'
in APPPATH\Models\CompColorsModel.php on line 32.
 1 SYSTEMPATH\Autoloader\Autoloader.php(261): CodeIgniter\Autoloader\Autoloader->includeFile('APPPATH\\Models\\CompColorsModel.php')
 2 SYSTEMPATH\Autoloader\Autoloader.php(239): CodeIgniter\Autoloader\Autoloader->loadInNamespace('App\\Models\\CompColorsModel')
 3 APPPATH\Controllers\Home.php(2172): CodeIgniter\Autoloader\Autoloader->loadClass('App\\Models\\CompColorsModel')
 4 SYSTEMPATH\CodeIgniter.php(896): App\Controllers\Home->cp_settings()
 5 SYSTEMPATH\CodeIgniter.php(466): CodeIgniter\CodeIgniter->runController(Object(App\Controllers\Home))
 6 SYSTEMPATH\CodeIgniter.php(349): CodeIgniter\CodeIgniter->handleRequest(null, Object(Config\Cache), false)
 7 FCPATH\index.php(55): CodeIgniter\CodeIgniter->run()
CRITICAL - 2022-09-01 14:04:08 --> syntax error, unexpected token ";", expecting ")"
in APPPATH\Models\CompColorsModel.php on line 30.
 1 SYSTEMPATH\Autoloader\Autoloader.php(261): CodeIgniter\Autoloader\Autoloader->includeFile('APPPATH\\Models\\CompColorsModel.php')
 2 SYSTEMPATH\Autoloader\Autoloader.php(239): CodeIgniter\Autoloader\Autoloader->loadInNamespace('App\\Models\\CompColorsModel')
 3 APPPATH\Controllers\Home.php(2172): CodeIgniter\Autoloader\Autoloader->loadClass('App\\Models\\CompColorsModel')
 4 SYSTEMPATH\CodeIgniter.php(896): App\Controllers\Home->cp_settings()
 5 SYSTEMPATH\CodeIgniter.php(466): CodeIgniter\CodeIgniter->runController(Object(App\Controllers\Home))
 6 SYSTEMPATH\CodeIgniter.php(349): CodeIgniter\CodeIgniter->handleRequest(null, Object(Config\Cache), false)
 7 FCPATH\index.php(55): CodeIgniter\CodeIgniter->run()
CRITICAL - 2022-09-01 14:04:25 --> Call to undefined function App\Models\update_record()
in APPPATH\Models\CompColorsModel.php on line 26.
 1 APPPATH\Controllers\Home.php(2196): App\Models\CompColorsModel->set_default()
 2 SYSTEMPATH\CodeIgniter.php(896): App\Controllers\Home->cp_settings()
 3 SYSTEMPATH\CodeIgniter.php(466): CodeIgniter\CodeIgniter->runController(Object(App\Controllers\Home))
 4 SYSTEMPATH\CodeIgniter.php(349): CodeIgniter\CodeIgniter->handleRequest(null, Object(Config\Cache), false)
 5 FCPATH\index.php(55): CodeIgniter\CodeIgniter->run()
CRITICAL - 2022-09-01 14:06:55 --> Call to undefined function App\Models\update_record()
in APPPATH\Models\CompColorsModel.php on line 26.
 1 APPPATH\Controllers\Home.php(2196): App\Models\CompColorsModel->set_default()
 2 SYSTEMPATH\CodeIgniter.php(896): App\Controllers\Home->cp_settings()
 3 SYSTEMPATH\CodeIgniter.php(466): CodeIgniter\CodeIgniter->runController(Object(App\Controllers\Home))
 4 SYSTEMPATH\CodeIgniter.php(349): CodeIgniter\CodeIgniter->handleRequest(null, Object(Config\Cache), false)
 5 FCPATH\index.php(55): CodeIgniter\CodeIgniter->run()
CRITICAL - 2022-09-01 14:08:15 --> Call to undefined function App\Models\update_record()
in APPPATH\Models\CompColorsModel.php on line 33.
 1 APPPATH\Controllers\Home.php(2196): App\Models\CompColorsModel->set_default()
 2 SYSTEMPATH\CodeIgniter.php(896): App\Controllers\Home->cp_settings()
 3 SYSTEMPATH\CodeIgniter.php(466): CodeIgniter\CodeIgniter->runController(Object(App\Controllers\Home))
 4 SYSTEMPATH\CodeIgniter.php(349): CodeIgniter\CodeIgniter->handleRequest(null, Object(Config\Cache), false)
 5 FCPATH\index.php(55): CodeIgniter\CodeIgniter->run()
CRITICAL - 2022-09-01 14:08:22 --> Call to undefined function App\Models\update_record()
in APPPATH\Models\CompColorsModel.php on line 33.
 1 APPPATH\Controllers\Home.php(2196): App\Models\CompColorsModel->set_default()
 2 SYSTEMPATH\CodeIgniter.php(896): App\Controllers\Home->cp_settings()
 3 SYSTEMPATH\CodeIgniter.php(466): CodeIgniter\CodeIgniter->runController(Object(App\Controllers\Home))
 4 SYSTEMPATH\CodeIgniter.php(349): CodeIgniter\CodeIgniter->handleRequest(null, Object(Config\Cache), false)
 5 FCPATH\index.php(55): CodeIgniter\CodeIgniter->run()
CRITICAL - 2022-09-01 14:31:54 --> Array to string conversion
in APPPATH\Views\public_header.php on line 98.
 1 APPPATH\Views\public_header.php(98): CodeIgniter\Debug\Exceptions->errorHandler(2, 'Array to string conversion', 'APPPATH\\Views\\public_header.php', 98)
 2 SYSTEMPATH\View\View.php(213): include('APPPATH\\Views\\public_header.php')
 3 SYSTEMPATH\View\View.php(216): CodeIgniter\View\View->CodeIgniter\View\{closure}()
 4 SYSTEMPATH\Common.php(1135): CodeIgniter\View\View->render('public_header', [], true)
 5 APPPATH\Controllers\Home.php(3200): view('public_header', [...])
 6 SYSTEMPATH\CodeIgniter.php(896): App\Controllers\Home->org_public_web()
 7 SYSTEMPATH\CodeIgniter.php(466): CodeIgniter\CodeIgniter->runController(Object(App\Controllers\Home))
 8 SYSTEMPATH\CodeIgniter.php(349): CodeIgniter\CodeIgniter->handleRequest(null, Object(Config\Cache), false)
 9 FCPATH\index.php(55): CodeIgniter\CodeIgniter->run()
CRITICAL - 2022-09-01 14:55:54 --> Uninitialized string offset 5
in APPPATH\Views\public_header.php on line 55.
 1 APPPATH\Views\public_header.php(55): CodeIgniter\Debug\Exceptions->errorHandler(2, 'Uninitialized string offset 5', 'APPPATH\\Views\\public_header.php', 55)
 2 APPPATH\Views\public_header.php(106): hex2hsl('#64600')
 3 SYSTEMPATH\View\View.php(213): include('APPPATH\\Views\\public_header.php')
 4 SYSTEMPATH\View\View.php(216): CodeIgniter\View\View->CodeIgniter\View\{closure}()
 5 SYSTEMPATH\Common.php(1135): CodeIgniter\View\View->render('public_header', [], true)
 6 APPPATH\Controllers\Home.php(3200): view('public_header', [...])
 7 SYSTEMPATH\CodeIgniter.php(896): App\Controllers\Home->org_public_web()
 8 SYSTEMPATH\CodeIgniter.php(466): CodeIgniter\CodeIgniter->runController(Object(App\Controllers\Home))
 9 SYSTEMPATH\CodeIgniter.php(349): CodeIgniter\CodeIgniter->handleRequest(null, Object(Config\Cache), false)
10 FCPATH\index.php(55): CodeIgniter\CodeIgniter->run()
CRITICAL - 2022-09-01 15:10:40 --> syntax error, unexpected token "}", expecting "," or ";"
in APPPATH\Views\public_header.php on line 77.
 1 SYSTEMPATH\View\View.php(216): CodeIgniter\View\View->CodeIgniter\View\{closure}()
 2 SYSTEMPATH\Common.php(1135): CodeIgniter\View\View->render('public_header', [], true)
 3 APPPATH\Controllers\Home.php(3200): view('public_header', [...])
 4 SYSTEMPATH\CodeIgniter.php(896): App\Controllers\Home->org_public_web()
 5 SYSTEMPATH\CodeIgniter.php(466): CodeIgniter\CodeIgniter->runController(Object(App\Controllers\Home))
 6 SYSTEMPATH\CodeIgniter.php(349): CodeIgniter\CodeIgniter->handleRequest(null, Object(Config\Cache), false)
 7 FCPATH\index.php(55): CodeIgniter\CodeIgniter->run()
CRITICAL - 2022-09-01 15:11:50 --> Undefined property: stdClass::$font
in APPPATH\Views\public_header.php on line 72.
 1 APPPATH\Views\public_header.php(72): CodeIgniter\Debug\Exceptions->errorHandler(2, 'Undefined property: stdClass::$font', 'APPPATH\\Views\\public_header.php', 72)
 2 SYSTEMPATH\View\View.php(213): include('APPPATH\\Views\\public_header.php')
 3 SYSTEMPATH\View\View.php(216): CodeIgniter\View\View->CodeIgniter\View\{closure}()
 4 SYSTEMPATH\Common.php(1135): CodeIgniter\View\View->render('public_header', [], true)
 5 APPPATH\Controllers\Home.php(3200): view('public_header', [...])
 6 SYSTEMPATH\CodeIgniter.php(896): App\Controllers\Home->org_public_web()
 7 SYSTEMPATH\CodeIgniter.php(466): CodeIgniter\CodeIgniter->runController(Object(App\Controllers\Home))
 8 SYSTEMPATH\CodeIgniter.php(349): CodeIgniter\CodeIgniter->handleRequest(null, Object(Config\Cache), false)
 9 FCPATH\index.php(55): CodeIgniter\CodeIgniter->run()
