ERROR - 2022-08-29 03:00:15 --> Error connecting to the database: Unknown database 'ehzjdb'
CRITICAL - 2022-08-29 03:00:15 --> Unable to connect to the database.
Main connection [MySQLi]: Unknown database 'ehzjdb'
in SYSTEMPATH\Database\BaseConnection.php on line 416.
 1 SYSTEMPATH\Database\BaseConnection.php(586): CodeIgniter\Database\BaseConnection->initialize()
 2 SYSTEMPATH\Database\BaseBuilder.php(1585): CodeIgniter\Database\BaseConnection->query('SELECT *
FROM `compgeninfo`
WHERE `compUrlShortName` = :compUrlShortName:
 LIMIT 1', [...], false)
 3 SYSTEMPATH\Model.php(249): CodeIgniter\Database\BaseBuilder->get()
 4 SYSTEMPATH\BaseModel.php(622): CodeIgniter\Model->doFirst()
 5 APPPATH\Controllers\Home.php(2726): CodeIgniter\BaseModel->first()
 6 SYSTEMPATH\CodeIgniter.php(896): App\Controllers\Home->org_public_web()
 7 SYSTEMPATH\CodeIgniter.php(466): CodeIgniter\CodeIgniter->runController(Object(App\Controllers\Home))
 8 SYSTEMPATH\CodeIgniter.php(349): CodeIgniter\CodeIgniter->handleRequest(null, Object(Config\Cache), false)
 9 FCPATH\index.php(55): CodeIgniter\CodeIgniter->run()
ERROR - 2022-08-29 04:04:04 --> Error connecting to the database: Unknown database 'ehjzdb'
CRITICAL - 2022-08-29 04:04:04 --> Unable to connect to the database.
Main connection [MySQLi]: Unknown database 'ehjzdb'
in SYSTEMPATH\Database\BaseConnection.php on line 416.
 1 SYSTEMPATH\Database\BaseConnection.php(586): CodeIgniter\Database\BaseConnection->initialize()
 2 SYSTEMPATH\Database\BaseBuilder.php(1585): CodeIgniter\Database\BaseConnection->query('SELECT *
FROM `compgeninfo`
WHERE `compUrlShortName` = :compUrlShortName:
 LIMIT 1', [...], false)
 3 SYSTEMPATH\Model.php(249): CodeIgniter\Database\BaseBuilder->get()
 4 SYSTEMPATH\BaseModel.php(622): CodeIgniter\Model->doFirst()
 5 APPPATH\Controllers\Home.php(2726): CodeIgniter\BaseModel->first()
 6 SYSTEMPATH\CodeIgniter.php(896): App\Controllers\Home->org_public_web()
 7 SYSTEMPATH\CodeIgniter.php(466): CodeIgniter\CodeIgniter->runController(Object(App\Controllers\Home))
 8 SYSTEMPATH\CodeIgniter.php(349): CodeIgniter\CodeIgniter->handleRequest(null, Object(Config\Cache), false)
 9 FCPATH\index.php(55): CodeIgniter\CodeIgniter->run()
ERROR - 2022-08-29 04:04:06 --> Error connecting to the database: Unknown database 'ehjzdb'
CRITICAL - 2022-08-29 04:04:06 --> Unable to connect to the database.
Main connection [MySQLi]: Unknown database 'ehjzdb'
in SYSTEMPATH\Database\BaseConnection.php on line 416.
 1 SYSTEMPATH\Database\BaseConnection.php(586): CodeIgniter\Database\BaseConnection->initialize()
 2 SYSTEMPATH\Database\BaseBuilder.php(1585): CodeIgniter\Database\BaseConnection->query('SELECT *
FROM `compgeninfo`
WHERE `compUrlShortName` = :compUrlShortName:
 LIMIT 1', [...], false)
 3 SYSTEMPATH\Model.php(249): CodeIgniter\Database\BaseBuilder->get()
 4 SYSTEMPATH\BaseModel.php(622): CodeIgniter\Model->doFirst()
 5 APPPATH\Controllers\Home.php(2726): CodeIgniter\BaseModel->first()
 6 SYSTEMPATH\CodeIgniter.php(896): App\Controllers\Home->org_public_web()
 7 SYSTEMPATH\CodeIgniter.php(466): CodeIgniter\CodeIgniter->runController(Object(App\Controllers\Home))
 8 SYSTEMPATH\CodeIgniter.php(349): CodeIgniter\CodeIgniter->handleRequest(null, Object(Config\Cache), false)
 9 FCPATH\index.php(55): CodeIgniter\CodeIgniter->run()
ERROR - 2022-08-29 04:04:46 --> Error connecting to the database: Unknown database 'frabiedb'
CRITICAL - 2022-08-29 04:04:46 --> Unable to connect to the database.
Main connection [MySQLi]: Unknown database 'frabiedb'
in SYSTEMPATH\Database\BaseConnection.php on line 416.
 1 SYSTEMPATH\Database\BaseConnection.php(586): CodeIgniter\Database\BaseConnection->initialize()
 2 SYSTEMPATH\Database\BaseBuilder.php(1585): CodeIgniter\Database\BaseConnection->query('SELECT *
FROM `compgeninfo`
WHERE `compUrlShortName` = :compUrlShortName:
 LIMIT 1', [...], false)
 3 SYSTEMPATH\Model.php(249): CodeIgniter\Database\BaseBuilder->get()
 4 SYSTEMPATH\BaseModel.php(622): CodeIgniter\Model->doFirst()
 5 APPPATH\Controllers\Home.php(2726): CodeIgniter\BaseModel->first()
 6 SYSTEMPATH\CodeIgniter.php(896): App\Controllers\Home->org_public_web()
 7 SYSTEMPATH\CodeIgniter.php(466): CodeIgniter\CodeIgniter->runController(Object(App\Controllers\Home))
 8 SYSTEMPATH\CodeIgniter.php(349): CodeIgniter\CodeIgniter->handleRequest(null, Object(Config\Cache), false)
 9 FCPATH\index.php(55): CodeIgniter\CodeIgniter->run()
ERROR - 2022-08-29 04:05:38 --> Error connecting to the database: Unknown database 'frabiedb'
CRITICAL - 2022-08-29 04:05:38 --> Unable to connect to the database.
Main connection [MySQLi]: Unknown database 'frabiedb'
in SYSTEMPATH\Database\BaseConnection.php on line 416.
 1 SYSTEMPATH\Database\BaseConnection.php(586): CodeIgniter\Database\BaseConnection->initialize()
 2 SYSTEMPATH\Database\BaseBuilder.php(1585): CodeIgniter\Database\BaseConnection->query('SELECT *
FROM `compages`
WHERE `compKey` = :compKey:', [...], false)
 3 APPPATH\Models\ComPagesModel.php(22): CodeIgniter\Database\BaseBuilder->get()
 4 APPPATH\Controllers\Home.php(2732): App\Models\ComPagesModel->find_whr('1')
 5 SYSTEMPATH\CodeIgniter.php(896): App\Controllers\Home->org_public_web()
 6 SYSTEMPATH\CodeIgniter.php(466): CodeIgniter\CodeIgniter->runController(Object(App\Controllers\Home))
 7 SYSTEMPATH\CodeIgniter.php(349): CodeIgniter\CodeIgniter->handleRequest(null, Object(Config\Cache), false)
 8 FCPATH\index.php(55): CodeIgniter\CodeIgniter->run()
ERROR - 2022-08-29 04:05:40 --> Error connecting to the database: Unknown database 'frabiedb'
CRITICAL - 2022-08-29 04:05:40 --> Unable to connect to the database.
Main connection [MySQLi]: Unknown database 'frabiedb'
in SYSTEMPATH\Database\BaseConnection.php on line 416.
 1 SYSTEMPATH\Database\BaseConnection.php(586): CodeIgniter\Database\BaseConnection->initialize()
 2 SYSTEMPATH\Database\BaseBuilder.php(1585): CodeIgniter\Database\BaseConnection->query('SELECT *
FROM `compages`
WHERE `compKey` = :compKey:', [...], false)
 3 APPPATH\Models\ComPagesModel.php(22): CodeIgniter\Database\BaseBuilder->get()
 4 APPPATH\Controllers\Home.php(2732): App\Models\ComPagesModel->find_whr('1')
 5 SYSTEMPATH\CodeIgniter.php(896): App\Controllers\Home->org_public_web()
 6 SYSTEMPATH\CodeIgniter.php(466): CodeIgniter\CodeIgniter->runController(Object(App\Controllers\Home))
 7 SYSTEMPATH\CodeIgniter.php(349): CodeIgniter\CodeIgniter->handleRequest(null, Object(Config\Cache), false)
 8 FCPATH\index.php(55): CodeIgniter\CodeIgniter->run()
ERROR - 2022-08-29 04:05:42 --> Error connecting to the database: Unknown database 'frabiedb'
CRITICAL - 2022-08-29 04:05:42 --> Unable to connect to the database.
Main connection [MySQLi]: Unknown database 'frabiedb'
in SYSTEMPATH\Database\BaseConnection.php on line 416.
 1 SYSTEMPATH\Database\BaseConnection.php(586): CodeIgniter\Database\BaseConnection->initialize()
 2 SYSTEMPATH\Database\BaseBuilder.php(1585): CodeIgniter\Database\BaseConnection->query('SELECT *
FROM `compages`
WHERE `compKey` = :compKey:', [...], false)
 3 APPPATH\Models\ComPagesModel.php(22): CodeIgniter\Database\BaseBuilder->get()
 4 APPPATH\Controllers\Home.php(2732): App\Models\ComPagesModel->find_whr('1')
 5 SYSTEMPATH\CodeIgniter.php(896): App\Controllers\Home->org_public_web()
 6 SYSTEMPATH\CodeIgniter.php(466): CodeIgniter\CodeIgniter->runController(Object(App\Controllers\Home))
 7 SYSTEMPATH\CodeIgniter.php(349): CodeIgniter\CodeIgniter->handleRequest(null, Object(Config\Cache), false)
 8 FCPATH\index.php(55): CodeIgniter\CodeIgniter->run()
CRITICAL - 2022-08-29 06:09:05 --> Undefined array key "conflict"
in APPPATH\Views\default_dt.php on line 13.
 1 APPPATH\Views\default_dt.php(13): CodeIgniter\Debug\Exceptions->errorHandler(2, 'Undefined array key "conflict"', 'APPPATH\\Views\\default_dt.php', 13)
 2 SYSTEMPATH\View\View.php(213): include('APPPATH\\Views\\default_dt.php')
 3 SYSTEMPATH\View\View.php(216): CodeIgniter\View\View->CodeIgniter\View\{closure}()
 4 SYSTEMPATH\Common.php(1135): CodeIgniter\View\View->render('default_dt', [], true)
 5 APPPATH\Controllers\Home.php(1537): view('default_dt')
 6 SYSTEMPATH\CodeIgniter.php(896): App\Controllers\Home->default_dt()
 7 SYSTEMPATH\CodeIgniter.php(466): CodeIgniter\CodeIgniter->runController(Object(App\Controllers\Home))
 8 SYSTEMPATH\CodeIgniter.php(349): CodeIgniter\CodeIgniter->handleRequest(null, Object(Config\Cache), false)
 9 FCPATH\index.php(55): CodeIgniter\CodeIgniter->run()
